<?xml version="1.0" encoding="UTF-8"?>
<testng-results ignored="0" total="4" passed="4" failed="0" skipped="0">
  <reporter-output>
  </reporter-output>
  <suite started-at="2024-03-18T16:55:20 IST" name="All Test Suite" finished-at="2024-03-18T16:55:56 IST" duration-ms="36493">
    <groups>
      <group name="cucumber">
        <method signature="AbstractTestNGCucumberTests.runScenario(io.cucumber.testng.PickleWrapper,io.cucumber.testng.FeatureWrapper)[pri:0, instance:com.stepdefinitions.TestRunner@4681c175]" name="runScenario" class="io.cucumber.testng.AbstractTestNGCucumberTests"/>
      </group> <!-- cucumber -->
    </groups>
    <test started-at="2024-03-18T16:55:20 IST" name="Test" finished-at="2024-03-18T16:55:56 IST" duration-ms="36493">
      <class name="com.stepdefinitions.TestRunner">
        <test-method is-config="true" signature="setUpClass(org.testng.ITestContext)[pri:0, instance:com.stepdefinitions.TestRunner@4681c175]" started-at="2024-03-18T16:55:20 IST" name="setUpClass" finished-at="2024-03-18T16:55:20 IST" duration-ms="246" status="PASS">
          <params>
            <param index="0">
              <value>
                <![CDATA[org.testng.TestRunner@53ce2392]]>
              </value>
            </param>
          </params>
          <reporter-output>
          </reporter-output>
        </test-method> <!-- setUpClass -->
        <test-method signature="runScenario(io.cucumber.testng.PickleWrapper,io.cucumber.testng.FeatureWrapper)[pri:0, instance:com.stepdefinitions.TestRunner@4681c175]" started-at="2024-03-18T16:55:20 IST" name="runScenario" description="Runs Cucumber Scenarios" data-provider="scenarios" finished-at="2024-03-18T16:55:35 IST" duration-ms="14835" status="PASS">
          <params>
            <param index="0">
              <value>
                <![CDATA["Checkbox Operations"]]>
              </value>
            </param>
            <param index="1">
              <value>
                <![CDATA["Check Elements"]]>
              </value>
            </param>
          </params>
          <reporter-output>
          </reporter-output>
        </test-method> <!-- runScenario -->
        <test-method signature="runScenario(io.cucumber.testng.PickleWrapper,io.cucumber.testng.FeatureWrapper)[pri:0, instance:com.stepdefinitions.TestRunner@4681c175]" started-at="2024-03-18T16:55:35 IST" name="runScenario" description="Runs Cucumber Scenarios" data-provider="scenarios" finished-at="2024-03-18T16:55:46 IST" duration-ms="11324" status="PASS">
          <params>
            <param index="0">
              <value>
                <![CDATA["buttons Operations"]]>
              </value>
            </param>
            <param index="1">
              <value>
                <![CDATA["Check Elements"]]>
              </value>
            </param>
          </params>
          <reporter-output>
          </reporter-output>
        </test-method> <!-- runScenario -->
        <test-method signature="runScenario(io.cucumber.testng.PickleWrapper,io.cucumber.testng.FeatureWrapper)[pri:0, instance:com.stepdefinitions.TestRunner@4681c175]" started-at="2024-03-18T16:55:46 IST" name="runScenario" description="Runs Cucumber Scenarios" data-provider="scenarios" finished-at="2024-03-18T16:55:51 IST" duration-ms="5016" status="PASS">
          <params>
            <param index="0">
              <value>
                <![CDATA["Radio buttons Operations"]]>
              </value>
            </param>
            <param index="1">
              <value>
                <![CDATA["Check Elements"]]>
              </value>
            </param>
          </params>
          <reporter-output>
          </reporter-output>
        </test-method> <!-- runScenario -->
        <test-method signature="runScenario(io.cucumber.testng.PickleWrapper,io.cucumber.testng.FeatureWrapper)[pri:0, instance:com.stepdefinitions.TestRunner@4681c175]" started-at="2024-03-18T16:55:51 IST" name="runScenario" description="Runs Cucumber Scenarios" data-provider="scenarios" finished-at="2024-03-18T16:55:56 IST" duration-ms="5023" status="PASS">
          <params>
            <param index="0">
              <value>
                <![CDATA["Text Box Operations"]]>
              </value>
            </param>
            <param index="1">
              <value>
                <![CDATA["Check Elements"]]>
              </value>
            </param>
          </params>
          <reporter-output>
          </reporter-output>
        </test-method> <!-- runScenario -->
        <test-method is-config="true" signature="tearDownClass()[pri:0, instance:com.stepdefinitions.TestRunner@4681c175]" started-at="2024-03-18T16:55:56 IST" name="tearDownClass" finished-at="2024-03-18T16:55:56 IST" duration-ms="2" status="PASS">
          <reporter-output>
          </reporter-output>
        </test-method> <!-- tearDownClass -->
      </class> <!-- com.stepdefinitions.TestRunner -->
    </test> <!-- Test -->
  </suite> <!-- All Test Suite -->
</testng-results>
